[    0.000000] Initializing cgroup subsys cpuset
[    0.000000] Initializing cgroup subsys cpu
[    0.000000] Initializing cgroup subsys cpuacct
[    0.000000] Linux version 4.4.0-157-generic (buildd@lgw01-amd64-037) (gcc version 5.4.0 20160609 (Ubuntu 5.4.0-6ubuntu1~16.04.10) ) #185-Ubuntu SMP Tue Jul 23 09:17:01 UTC 2019 (Ubuntu 4.4.0-157.185-generic 4.4.181)
[    0.000000] Command line: BOOT_IMAGE=/boot/vmlinuz-4.4.0-157-generic root=LABEL=cloudimg-rootfs ro console=tty1 console=ttyS0
[    0.000000] KERNEL supported cpus:
[    0.000000]   Intel GenuineIntel
[    0.000000]   AMD AuthenticAMD
[    0.000000]   Centaur CentaurHauls
[    0.000000] x86/fpu: xstate_offset[2]:  576, xstate_sizes[2]:  256
[    0.000000] x86/fpu: Supporting XSAVE feature 0x01: 'x87 floating point registers'
[    0.000000] x86/fpu: Supporting XSAVE feature 0x02: 'SSE registers'
[    0.000000] x86/fpu: Supporting XSAVE feature 0x04: 'AVX registers'
[    0.000000] x86/fpu: Enabled xstate features 0x7, context size is 832 bytes, using 'standard' format.
[    0.000000] e820: BIOS-provided physical RAM map:
[    0.000000] BIOS-e820: [mem 0x0000000000000000-0x000000000009fbff] usable
[    0.000000] BIOS-e820: [mem 0x000000000009fc00-0x000000000009ffff] reserved
[    0.000000] BIOS-e820: [mem 0x00000000000f0000-0x00000000000fffff] reserved
[    0.000000] BIOS-e820: [mem 0x0000000000100000-0x000000007ffeffff] usable
[    0.000000] BIOS-e820: [mem 0x000000007fff0000-0x000000007fffffff] ACPI data
[    0.000000] BIOS-e820: [mem 0x00000000fec00000-0x00000000fec00fff] reserved
[    0.000000] BIOS-e820: [mem 0x00000000fee00000-0x00000000fee00fff] reserved
[    0.000000] BIOS-e820: [mem 0x00000000fffc0000-0x00000000ffffffff] reserved
[    0.000000] NX (Execute Disable) protection: active
[    0.000000] SMBIOS 2.5 present.
[    0.000000] Hypervisor detected: KVM
[    0.000000] e820: last_pfn = 0x7fff0 max_arch_pfn = 0x400000000
[    0.000000] MTRR: Disabled
[    0.000000] x86/PAT: MTRRs disabled, skipping PAT initialization too.
[    0.000000] CPU MTRRs all blank - virtualized system.
[    0.000000] x86/PAT: Configuration [0-7]: WB  WT  UC- UC  WB  WT  UC- UC  
[    0.000000] found SMP MP-table at [mem 0x0009fff0-0x0009ffff] mapped at [ffff88000009fff0]
[    0.000000] Scanning 1 areas for low memory corruption
[    0.000000] RAMDISK: [mem 0x362fa000-0x37174fff]
[    0.000000] ACPI: Early table checksum verification disabled
[    0.000000] ACPI: RSDP 0x00000000000E0000 000024 (v02 VBOX  )
[    0.000000] ACPI: XSDT 0x000000007FFF0030 00003C (v01 VBOX   VBOXXSDT 00000001 ASL  00000061)
[    0.000000] ACPI: FACP 0x000000007FFF00F0 0000F4 (v04 VBOX   VBOXFACP 00000001 ASL  00000061)
[    0.000000] ACPI: DSDT 0x000000007FFF0470 0022EA (v02 VBOX   VBOXBIOS 00000002 INTL 20100528)
[    0.000000] ACPI: FACS 0x000000007FFF0200 000040
[    0.000000] ACPI: FACS 0x000000007FFF0200 000040
[    0.000000] ACPI: APIC 0x000000007FFF0240 000054 (v02 VBOX   VBOXAPIC 00000001 ASL  00000061)
[    0.000000] ACPI: SSDT 0x000000007FFF02A0 0001CC (v01 VBOX   VBOXCPUT 00000002 INTL 20100528)
[    0.000000] No NUMA configuration found
[    0.000000] Faking a node at [mem 0x0000000000000000-0x000000007ffeffff]
[    0.000000] NODE_DATA(0) allocated [mem 0x7ffeb000-0x7ffeffff]
[    0.000000] kvm-clock: Using msrs 4b564d01 and 4b564d00
[    0.000000] kvm-clock: cpu 0, msr 0:7ffe3001, primary cpu clock
[    0.000000] kvm-clock: using sched offset of 3625958026 cycles
[    0.000000] clocksource: kvm-clock: mask: 0xffffffffffffffff max_cycles: 0x1cd42e4dffb, max_idle_ns: 881590591483 ns
[    0.000000] Zone ranges:
[    0.000000]   DMA      [mem 0x0000000000001000-0x0000000000ffffff]
[    0.000000]   DMA32    [mem 0x0000000001000000-0x000000007ffeffff]
[    0.000000]   Normal   empty
[    0.000000]   Device   empty
[    0.000000] Movable zone start for each node
[    0.000000] Early memory node ranges
[    0.000000]   node   0: [mem 0x0000000000001000-0x000000000009efff]
[    0.000000]   node   0: [mem 0x0000000000100000-0x000000007ffeffff]
[    0.000000] Initmem setup node 0 [mem 0x0000000000001000-0x000000007ffeffff]
[    0.000000] ACPI: PM-Timer IO Port: 0x4008
[    0.000000] IOAPIC[0]: apic_id 1, version 32, address 0xfec00000, GSI 0-23
[    0.000000] ACPI: INT_SRC_OVR (bus 0 bus_irq 0 global_irq 2 dfl dfl)
[    0.000000] ACPI: INT_SRC_OVR (bus 0 bus_irq 9 global_irq 9 low level)
[    0.000000] Using ACPI (MADT) for SMP configuration information
[    0.000000] smpboot: Allowing 1 CPUs, 0 hotplug CPUs
[    0.000000] PM: Registered nosave memory: [mem 0x00000000-0x00000fff]
[    0.000000] PM: Registered nosave memory: [mem 0x0009f000-0x0009ffff]
[    0.000000] PM: Registered nosave memory: [mem 0x000a0000-0x000effff]
[    0.000000] PM: Registered nosave memory: [mem 0x000f0000-0x000fffff]
[    0.000000] e820: [mem 0x80000000-0xfebfffff] available for PCI devices
[    0.000000] Booting paravirtualized kernel on KVM
[    0.000000] clocksource: refined-jiffies: mask: 0xffffffff max_cycles: 0xffffffff, max_idle_ns: 7645519600211568 ns
[    0.000000] setup_percpu: NR_CPUS:512 nr_cpumask_bits:512 nr_cpu_ids:1 nr_node_ids:1
[    0.000000] PERCPU: Embedded 34 pages/cpu @ffff88007fc00000 s99544 r8192 d31528 u2097152
[    0.000000] Built 1 zonelists in Node order, mobility grouping on.  Total pages: 515960
[    0.000000] Policy zone: DMA32
[    0.000000] Kernel command line: BOOT_IMAGE=/boot/vmlinuz-4.4.0-157-generic root=LABEL=cloudimg-rootfs ro console=tty1 console=ttyS0
[    0.000000] PID hash table entries: 4096 (order: 3, 32768 bytes)
[    0.000000] Memory: 2030060K/2096696K available (8618K kernel code, 1335K rwdata, 4032K rodata, 1484K init, 1284K bss, 66636K reserved, 0K cma-reserved)
[    0.000000] SLUB: HWalign=64, Order=0-3, MinObjects=0, CPUs=1, Nodes=1
[    0.000000] Kernel/User page tables isolation: enabled
[    0.000000] Hierarchical RCU implementation.
[    0.000000] 	Build-time adjustment of leaf fanout to 64.
[    0.000000] 	RCU restricting CPUs from NR_CPUS=512 to nr_cpu_ids=1.
[    0.000000] RCU: Adjusting geometry for rcu_fanout_leaf=64, nr_cpu_ids=1
[    0.000000] NR_IRQS:33024 nr_irqs:256 16
[    0.000000] Console: colour VGA+ 80x25
[    0.000000] console [tty1] enabled
[    0.000000] console [ttyS0] enabled
[    0.000000] tsc: Detected 2194.918 MHz processor
[    0.197036] Calibrating delay loop (skipped) preset value.. 4389.83 BogoMIPS (lpj=8779672)
[    0.199362] pid_max: default: 32768 minimum: 301
[    0.200705] ACPI: Core revision 20150930
[    0.202608] ACPI: 2 ACPI AML tables successfully acquired and loaded
[    0.204405] Security Framework initialized
[    0.205515] Yama: becoming mindful.
[    0.206511] AppArmor: AppArmor initialized
[    0.209104] Dentry cache hash table entries: 262144 (order: 9, 2097152 bytes)
[    0.211200] Inode-cache hash table entries: 131072 (order: 8, 1048576 bytes)
[    0.214625] Mount-cache hash table entries: 4096 (order: 3, 32768 bytes)
[    0.216653] Mountpoint-cache hash table entries: 4096 (order: 3, 32768 bytes)
[    0.218543] Initializing cgroup subsys io
[    0.219638] Initializing cgroup subsys memory
[    0.220860] Initializing cgroup subsys devices
[    0.222034] Initializing cgroup subsys freezer
[    0.223205] Initializing cgroup subsys net_cls
[    0.224416] Initializing cgroup subsys perf_event
[    0.225731] Initializing cgroup subsys net_prio
[    0.226923] Initializing cgroup subsys hugetlb
[    0.228182] Initializing cgroup subsys pids
[    0.230357] mce: CPU supports 0 MCE banks
[    0.231873] process: using mwait in idle threads
[    0.233242] Last level iTLB entries: 4KB 1024, 2MB 1024, 4MB 1024
[    0.234791] Last level dTLB entries: 4KB 1024, 2MB 1024, 4MB 1024, 1GB 4
[    0.236622] Spectre V2 : Mitigation: Full generic retpoline
[    0.238133] Spectre V2 : Spectre v2 / SpectreRSB mitigation: Filling RSB on context switch
[    0.240300] Speculative Store Bypass: Vulnerable
[    0.241672] MDS: Mitigation: Clear CPU buffers
[    0.268518] Freeing SMP alternatives memory: 36K
[    0.275652] ftrace: allocating 32312 entries in 127 pages
[    0.332778] smpboot: APIC(0) Converting physical 0 to logical package 0
[    0.334585] smpboot: Max logical packages: 1
[    0.335953] x2apic enabled
[    0.336978] Switched APIC routing to physical x2apic.
[    0.339300] ..TIMER: vector=0x30 apic1=0 pin1=2 apic2=-1 pin2=-1
[    0.448274] smpboot: CPU0: Intel(R) Core(TM) i7-4770HQ CPU @ 2.20GHz (family: 0x6, model: 0x46, stepping: 0x1)
[    0.451532] Performance Events: unsupported p6 CPU model 70 no PMU driver, software events only.
[    0.464441] KVM setup paravirtual spinlock
[    0.466355] x86: Booted up 1 node, 1 CPUs
[    0.467576] smpboot: Total of 1 processors activated (4389.83 BogoMIPS)
[    0.471124] devtmpfs: initialized
[    0.473427] evm: security.selinux
[    0.474634] evm: security.SMACK64
[    0.475580] evm: security.SMACK64EXEC
[    0.476657] evm: security.SMACK64TRANSMUTE
[    0.477771] evm: security.SMACK64MMAP
[    0.478794] evm: security.ima
[    0.479670] evm: security.capability
[    0.480815] clocksource: jiffies: mask: 0xffffffff max_cycles: 0xffffffff, max_idle_ns: 7645041785100000 ns
[    0.483710] futex hash table entries: 256 (order: 2, 16384 bytes)
[    0.485371] pinctrl core: initialized pinctrl subsystem
[    0.486840] RTC time:  9:14:29, date: 08/07/19
[    0.488144] NET: Registered protocol family 16
[    0.489489] cpuidle: using governor ladder
[    0.490772] cpuidle: using governor menu
[    0.492078] PCCT header not found.
[    0.493308] ACPI: bus type PCI registered
[    0.494525] acpiphp: ACPI Hot Plug PCI Controller Driver version: 0.5
[    0.496512] PCI: Using configuration type 1 for base access
[    0.499089] ACPI: Added _OSI(Module Device)
[    0.500240] ACPI: Added _OSI(Processor Device)
[    0.501501] ACPI: Added _OSI(3.0 _SCP Extensions)
[    0.503163] ACPI: Added _OSI(Processor Aggregator Device)
[    0.505276] ACPI: Executed 1 blocks of module-level executable AML code
[    0.508749] ACPI: Interpreter enabled
[    0.509800] ACPI: (supports S0 S5)
[    0.510755] ACPI: Using IOAPIC for interrupt routing
[    0.512169] PCI: Using host bridge windows from ACPI; if necessary, use "pci=nocrs" and report a bug
[    0.518906] ACPI: PCI Root Bridge [PCI0] (domain 0000 [bus 00-ff])
[    0.520710] acpi PNP0A03:00: _OSC: OS supports [ASPM ClockPM Segments MSI]
[    0.523098] acpi PNP0A03:00: _OSC: not requesting OS control; OS requires [ExtendedConfig ASPM ClockPM MSI]
[    0.525865] acpi PNP0A03:00: fail to add MMCONFIG information, can't access extended PCI configuration space under this bridge.
[    0.529172] PCI host bridge to bus 0000:00
[    0.530288] pci_bus 0000:00: root bus resource [io  0x0000-0x0cf7 window]
[    0.531986] pci_bus 0000:00: root bus resource [io  0x0d00-0xffff window]
[    0.533731] pci_bus 0000:00: root bus resource [mem 0x000a0000-0x000bffff window]
[    0.535745] pci_bus 0000:00: root bus resource [mem 0x80000000-0xfdffffff window]
[    0.537855] pci_bus 0000:00: root bus resource [bus 00-ff]
[    0.542649] pci 0000:00:01.1: legacy IDE quirk: reg 0x10: [io  0x01f0-0x01f7]
[    0.544775] pci 0000:00:01.1: legacy IDE quirk: reg 0x14: [io  0x03f6]
[    0.546426] pci 0000:00:01.1: legacy IDE quirk: reg 0x18: [io  0x0170-0x0177]
[    0.548282] pci 0000:00:01.1: legacy IDE quirk: reg 0x1c: [io  0x0376]
[    0.569595] pci 0000:00:07.0: quirk: [io  0x4000-0x403f] claimed by PIIX4 ACPI
[    0.571998] pci 0000:00:07.0: quirk: [io  0x4100-0x410f] claimed by PIIX4 SMB
[    0.595668] ACPI: PCI Interrupt Link [LNKA] (IRQs 5 9 10 *11)
[    0.598078] ACPI: PCI Interrupt Link [LNKB] (IRQs 5 9 *10 11)
[    0.599962] ACPI: PCI Interrupt Link [LNKC] (IRQs 5 *9 10 11)
[    0.601898] ACPI: PCI Interrupt Link [LNKD] (IRQs 5 9 10 *11)
[    0.604200] ACPI: Enabled 2 GPEs in block 00 to 07
[    0.605871] vgaarb: setting as boot device: PCI:0000:00:02.0
[    0.607317] vgaarb: device added: PCI:0000:00:02.0,decodes=io+mem,owns=io+mem,locks=none
[    0.609496] vgaarb: loaded
[    0.610346] vgaarb: bridge control possible 0000:00:02.0
[    0.612089] SCSI subsystem initialized
[    0.613392] ACPI: bus type USB registered
[    0.614614] usbcore: registered new interface driver usbfs
[    0.616221] usbcore: registered new interface driver hub
[    0.617604] usbcore: registered new device driver usb
[    0.619042] PCI: Using ACPI for IRQ routing
[    0.620616] NetLabel: Initializing
[    0.621574] NetLabel:  domain hash size = 128
[    0.622961] NetLabel:  protocols = UNLABELED CIPSOv4
[    0.624410] NetLabel:  unlabeled traffic allowed by default
[    0.625968] amd_nb: Cannot enumerate AMD northbridges
[    0.627378] clocksource: Switched to clocksource kvm-clock
[    0.636254] AppArmor: AppArmor Filesystem Enabled
[    0.637793] pnp: PnP ACPI init
[    0.640120] pnp: PnP ACPI: found 3 devices
[    0.647057] clocksource: acpi_pm: mask: 0xffffff max_cycles: 0xffffff, max_idle_ns: 2085701024 ns
[    0.649857] NET: Registered protocol family 2
[    0.651421] TCP established hash table entries: 16384 (order: 5, 131072 bytes)
[    0.653654] TCP bind hash table entries: 16384 (order: 6, 262144 bytes)
[    0.656882] TCP: Hash tables configured (established 16384 bind 16384)
[    0.658662] UDP hash table entries: 1024 (order: 3, 32768 bytes)
[    0.660341] UDP-Lite hash table entries: 1024 (order: 3, 32768 bytes)
[    0.662016] NET: Registered protocol family 1
[    0.663330] pci 0000:00:00.0: Limiting direct PCI/PCI transfers
[    0.664987] pci 0000:00:01.0: Activating ISA DMA hang workarounds
[    0.667028] Unpacking initramfs...
[    0.868199] Freeing initrd memory: 14828K
[    0.869477] clocksource: tsc: mask: 0xffffffffffffffff max_cycles: 0x1fa37202099, max_idle_ns: 440795206796 ns
[    0.872187] platform rtc_cmos: registered platform RTC device (no PNP device found)
[    0.874404] Scanning for low memory corruption every 60 seconds
[    0.876277] audit: initializing netlink subsys (disabled)
[    0.877934] audit: type=2000 audit(1565169274.348:1): initialized
[    0.879774] Initialise system trusted keyring
[    0.881134] HugeTLB registered 2 MB page size, pre-allocated 0 pages
[    0.884073] zbud: loaded
[    0.885175] VFS: Disk quotas dquot_6.6.0
[    0.886337] VFS: Dquot-cache hash table entries: 512 (order 0, 4096 bytes)
[    0.888286] squashfs: version 4.0 (2009/01/31) Phillip Lougher
[    0.889954] fuse init (API version 7.23)
[    0.891188] Key type big_key registered
[    0.892325] Allocating IMA MOK and blacklist keyrings.
[    0.893998] Key type asymmetric registered
[    0.895184] Asymmetric key parser 'x509' registered
[    0.896652] Block layer SCSI generic (bsg) driver version 0.4 loaded (major 249)
[    0.898709] io scheduler noop registered
[    0.900005] io scheduler deadline registered (default)
[    0.901396] io scheduler cfq registered
[    0.903103] pci_hotplug: PCI Hot Plug PCI Core version: 0.5
[    0.905193] pciehp: PCI Express Hot Plug Controller Driver version: 0.4
[    0.907780] ACPI: AC Adapter [AC] (on-line)
[    0.909380] input: Power Button as /devices/LNXSYSTM:00/LNXPWRBN:00/input/input0
[    0.912160] ACPI: Power Button [PWRF]
[    0.913624] input: Sleep Button as /devices/LNXSYSTM:00/LNXSLPBN:00/input/input1
[    0.916412] ACPI: Sleep Button [SLPF]
[    0.919385] ACPI: Battery Slot [BAT0] (battery present)
[    0.921176] GHES: HEST is not enabled!
[    0.922584] Serial: 8250/16550 driver, 32 ports, IRQ sharing enabled
[    0.946439] 00:02: ttyS0 at I/O 0x3f8 (irq = 4, base_baud = 115200) is a 16550A
[    0.950174] Linux agpgart interface v0.103
[    0.952752] loop: module loaded
[    0.954552] scsi host0: ata_piix
[    0.955869] scsi host1: ata_piix
[    0.957023] ata1: PATA max UDMA/33 cmd 0x1f0 ctl 0x3f6 bmdma 0xd000 irq 14
[    0.959369] ata2: PATA max UDMA/33 cmd 0x170 ctl 0x376 bmdma 0xd008 irq 15
[    0.963154] libphy: Fixed MDIO Bus: probed
[    0.964639] tun: Universal TUN/TAP device driver, 1.6
[    0.966704] tun: (C) 1999-2004 Max Krasnyansky <maxk@qualcomm.com>
[    0.968707] PPP generic driver version 2.4.2
[    0.970026] ehci_hcd: USB 2.0 'Enhanced' Host Controller (EHCI) Driver
[    0.971811] ehci-pci: EHCI PCI platform driver
[    0.973019] ehci-platform: EHCI generic platform driver
[    0.974411] ohci_hcd: USB 1.1 'Open' Host Controller (OHCI) Driver
[    0.976064] ohci-pci: OHCI PCI platform driver
[    0.977291] ohci-platform: OHCI generic platform driver
[    0.978989] uhci_hcd: USB Universal Host Controller Interface driver
[    0.981168] i8042: PNP: PS/2 Controller [PNP0303:PS2K,PNP0f03:PS2M] at 0x60,0x64 irq 1,12
[    0.983994] serio: i8042 KBD port at 0x60,0x64 irq 1
[    0.985302] serio: i8042 AUX port at 0x60,0x64 irq 12
[    0.986800] mousedev: PS/2 mouse device common for all mice
[    0.988530] input: AT Translated Set 2 keyboard as /devices/platform/i8042/serio0/input/input2
[    0.991349] rtc_cmos rtc_cmos: rtc core: registered rtc_cmos as rtc0
[    0.993035] rtc_cmos rtc_cmos: alarms up to one day, 114 bytes nvram
[    0.994693] i2c /dev entries driver
[    0.995729] device-mapper: uevent: version 1.0.3
[    0.997085] device-mapper: ioctl: 4.34.0-ioctl (2015-10-28) initialised: dm-devel@redhat.com
[    0.999320] ledtrig-cpu: registered to indicate activity on CPUs
[    1.001130] NET: Registered protocol family 10
[    1.002574] NET: Registered protocol family 17
[    1.003870] Key type dns_resolver registered
[    1.005209] registered taskstats version 1
[    1.006384] Loading compiled-in X.509 certificates
[    1.008305] Loaded X.509 cert 'Build time autogenerated kernel key: 3e01e6df98386236d59670e6b2ed19a044d5324e'
[    1.011238] zswap: loaded using pool lzo/zbud
[    1.014067] Key type trusted registered
[    1.017360] Key type encrypted registered
[    1.018578] AppArmor: AppArmor sha1 policy hashing enabled
[    1.020424] ima: No TPM chip found, activating TPM-bypass!
[    1.022066] ima: Allocated hash algorithm: sha1
[    1.023580] evm: HMAC attrs: 0x1
[    1.025017]   Magic number: 15:657:221
[    1.026172] rtc_cmos rtc_cmos: setting system clock to 2019-08-07 09:14:29 UTC (1565169269)
[    1.028530] BIOS EDD facility v0.16 2004-Jun-25, 0 devices found
[    1.030074] EDD information not available.
[    1.116367] Freeing unused kernel memory: 1484K
[    1.117759] Write protecting the kernel read-only data: 14336k
[    1.119663] Freeing unused kernel memory: 1612K
[    1.121274] Freeing unused kernel memory: 64K
Loading, please wait...
starting version 229
[    1.133078] random: udevadm: uninitialized urandom read (16 bytes read, 2 bits of entropy available)
[    1.136288] random: systemd-udevd: uninitialized urandom read (16 bytes read, 2 bits of entropy available)
[    1.138858] random: systemd-udevd: uninitialized urandom read (16 bytes read, 2 bits of entropy available)
[    1.141417] random: systemd-udevd: uninitialized urandom read (16 bytes read, 2 bits of entropy available)
[    1.144350] random: udevadm: uninitialized urandom read (16 bytes read, 2 bits of entropy available)
[    1.148012] random: systemd-udevd: uninitialized urandom read (16 bytes read, 2 bits of entropy available)
[    1.154505] random: systemd-udevd: uninitialized urandom read (16 bytes read, 2 bits of entropy available)
[    1.158870] random: systemd-udevd: uninitialized urandom read (16 bytes read, 2 bits of entropy available)
[    1.162694] random: udevadm: uninitialized urandom read (16 bytes read, 2 bits of entropy available)
[    1.165161] random: systemd-udevd: uninitialized urandom read (16 bytes read, 2 bits of entropy available)
[    1.218792] e1000: Intel(R) PRO/1000 Network Driver - version 7.3.21-k8-NAPI
[    1.220947] e1000: Copyright (c) 1999-2006 Intel Corporation.
[    1.227212] Fusion MPT base driver 3.04.20
[    1.228614] Copyright (c) 1999-2008 LSI Corporation
[    1.245516] Fusion MPT SPI Host driver 3.04.20
[    1.266818] AVX2 version of gcm_enc/dec engaged.
[    1.268425] AES CTR mode by8 optimization enabled
[    1.453305] input: ImExPS/2 Generic Explorer Mouse as /devices/platform/i8042/serio1/input/input4
[    1.661901] e1000 0000:00:03.0 eth0: (PCI:33MHz:32-bit) 02:c3:b4:e7:31:26
[    1.663689] e1000 0000:00:03.0 eth0: Intel(R) PRO/1000 Network Connection
[    1.666235] mptbase: ioc0: Initiating bringup
[    1.728063] ioc0: LSI53C1030 A0: Capabilities={Initiator}
[    1.889909] scsi host2: ioc0: LSI53C1030 A0, FwRev=00000000h, Ports=1, MaxQ=256, IRQ=20
[    2.006074] scsi 2:0:0:0: Direct-Access     VBOX     HARDDISK         1.0  PQ: 0 ANSI: 5
[    2.008600] scsi target2:0:0: Beginning Domain Validation
[    2.011716] scsi target2:0:0: Domain Validation skipping write tests
[    2.013455] scsi target2:0:0: Ending Domain Validation
[    2.015892] scsi target2:0:0: asynchronous
[    2.017700] scsi 2:0:1:0: Direct-Access     VBOX     HARDDISK         1.0  PQ: 0 ANSI: 5
[    2.020797] scsi target2:0:1: Beginning Domain Validation
[    2.024165] scsi target2:0:1: Domain Validation skipping write tests
[    2.026776] scsi target2:0:1: Ending Domain Validation
[    2.028862] scsi target2:0:1: asynchronous
[    2.143973] sd 2:0:0:0: Attached scsi generic sg0 type 0
[    2.145855] sd 2:0:0:0: [sda] 20971520 512-byte logical blocks: (10.7 GB/10.0 GiB)
[    2.156510] sd 2:0:1:0: Attached scsi generic sg1 type 0
[    2.158234] sd 2:0:1:0: [sdb] 20480 512-byte logical blocks: (10.5 MB/10.0 MiB)
[    2.160537] sd 2:0:1:0: [sdb] Write Protect is off
[    2.162106] sd 2:0:1:0: [sdb] Incomplete mode parameter data
[    2.163733] sd 2:0:1:0: [sdb] Assuming drive cache: write through
[    2.181705] sd 2:0:0:0: [sda] Write Protect is off
[    2.183398] sd 2:0:0:0: [sda] Incomplete mode parameter data
[    2.185198] sd 2:0:0:0: [sda] Assuming drive cache: write through
[    2.199285]  sda: sda1
[    2.200594] sd 2:0:1:0: [sdb] Attached SCSI disk
[    2.212190] sd 2:0:0:0: [sda] Attached SCSI disk
[    2.469661] e1000 0000:00:08.0 eth1: (PCI:33MHz:32-bit) 08:00:27:3d:87:f3
[    2.471592] e1000 0000:00:08.0 eth1: Intel(R) PRO/1000 Network Connection
[    2.474937] e1000 0000:00:08.0 enp0s8: renamed from eth1
[    2.478042] e1000 0000:00:03.0 enp0s3: renamed from eth0
Begin: Loading essential drivers ... [    3.760993] md: linear personality registered for level -1
[    3.765562] md: multipath personality registered for level -4
[    3.769887] md: raid0 personality registered for level 0
[    3.774909] md: raid1 personality registered for level 1
[    3.851613] raid6: sse2x1   gen() 11225 MB/s
[    3.921671] raid6: sse2x1   xor()  8114 MB/s
[    3.997783] raid6: sse2x2   gen() 13083 MB/s
[    4.065728] raid6: sse2x2   xor()  8447 MB/s
[    4.132085] raid6: sse2x4   gen() 13593 MB/s
[    4.201439] raid6: sse2x4   xor()  9692 MB/s
[    4.267709] raid6: avx2x1   gen() 15646 MB/s
[    4.335671] raid6: avx2x2   gen() 18634 MB/s
[    4.403769] raid6: avx2x4   gen() 22363 MB/s
[    4.405016] raid6: using algorithm avx2x4 gen() 22363 MB/s
[    4.406662] raid6: using avx2x2 recovery algorithm
[    4.410635] xor: automatically using best checksumming function:
[    4.451446]    avx       : 28177.000 MB/sec
[    4.454613] async_tx: api initialized (async)
[    4.468139] md: raid6 personality registered for level 6
[    4.469968] md: raid5 personality registered for level 5
[    4.471383] md: raid4 personality registered for level 4
[    4.478578] md: raid10 personality registered for level 10
done.
Begin: Running /scripts/init-premount ... done.
Begin: Mounting root file system ... Begin: Running /scripts/local-top ... done.
Begin: Running /scripts/local-premount ... [    4.513460] Btrfs loaded
Scanning for Btrfs filesystems
done.
Warning: fsck not present, so skipping root file system
[    4.539738] EXT4-fs (sda1): mounted filesystem with ordered data mode. Opts: (null)
done.
Begin: Running /scripts/local-bottom ... done.
Begin: Running /scripts/init-bottom ... done.
[    4.599062] systemd[1]: systemd 229 running in system mode. (+PAM +AUDIT +SELINUX +IMA +APPARMOR +SMACK +SYSVINIT +UTMP +LIBCRYPTSETUP +GCRYPT +GNUTLS +ACL +XZ -LZ4 +SECCOMP +BLKID +ELFUTILS +KMOD -IDN)
[    4.603695] systemd[1]: Detected virtualization oracle.
[    4.605056] systemd[1]: Detected architecture x86-64.

Welcome to [1mUbuntu 16.04.6 LTS[0m!

[    4.610082] systemd[1]: Set hostname to <ubuntu>.
[    4.613809] systemd[1]: Initializing machine ID from random generator.
[    4.615535] systemd[1]: Installed transient /etc/machine-id file.
[    4.713904] systemd[1]: Listening on Journal Socket (/dev/log).
[[0;32m  OK  [0m] Listening on Journal Socket (/dev/log).
[    4.717022] systemd[1]: Listening on LVM2 metadata daemon socket.
[[0;32m  OK  [0m] Listening on LVM2 metadata daemon socket.
[    4.719969] systemd[1]: Listening on Journal Socket.
[[0;32m  OK  [0m] Listening on Journal Socket.
[    4.722481] systemd[1]: Reached target Encrypted Volumes.
[[0;32m  OK  [0m] Reached target Encrypted Volumes.
[    4.725611] systemd[1]: Reached target User and Group Name Lookups.
[[0;32m  OK  [0m] Reached target User and Group Name Lookups.
[    4.728816] systemd[1]: Created slice User and Session Slice.
[[0;32m  OK  [0m] Created slice User and Session Slice.
[    4.736287] systemd[1]: Listening on udev Control Socket.
[[0;32m  OK  [0m] Listening on udev Control Socket.
[    4.740235] systemd[1]: Listening on /dev/initctl Compatibility Named Pipe.
[[0;32m  OK  [0m] Listening on /dev/initctl Compatibility Named Pipe.
[    4.744707] systemd[1]: Started Forward Password Requests to Wall Directory Watch.
[[0;32m  OK  [0m] Started Forward Password Requests to Wall Directory Watch.
[    4.748750] systemd[1]: Listening on Device-mapper event daemon FIFOs.
[[0;32m  OK  [0m] Listening on Device-mapper event daemon FIFOs.
[    4.751935] systemd[1]: Listening on Journal Audit Socket.
[[0;32m  OK  [0m] Listening on Journal Audit Socket.
[    4.760295] systemd[1]: Listening on udev Kernel Socket.
[[0;32m  OK  [0m] Listening on udev Kernel Socket.
[    4.763766] systemd[1]: Reached target Swap.
[[0;32m  OK  [0m] Reached target Swap.
[    4.766746] systemd[1]: Set up automount Arbitrary Executable File Formats File System Automount Point.
[[0;32m  OK  [0m] Set up automount Arbitrary Executab...ats File System Automount Point.
[    4.772016] systemd[1]: Listening on LVM2 poll daemon socket.
[[0;32m  OK  [0m] Listening on LVM2 poll daemon socket.
[    4.775101] systemd[1]: Reached target System Time Synchronized.
[[0;32m  OK  [0m] Reached target System Time Synchronized.
[    4.778738] systemd[1]: Listening on Syslog Socket.
[[0;32m  OK  [0m] Listening on Syslog Socket.
[    4.781923] systemd[1]: Created slice System Slice.
[[0;32m  OK  [0m] Created slice System Slice.
[    4.784839] systemd[1]: Starting Set console keymap...
         Starting Set console keymap...
[    4.790894] systemd[1]: Starting Uncomplicated firewall...
         Starting Uncomplicated firewall...
[    4.806804] systemd[1]: Starting Monitoring of LVM2 mirrors, snapshots etc. using dmeventd or progress polling...
         Starting Monitoring of LVM2 mirrors... dmeventd or progress polling...
[    4.820572] systemd[1]: Starting Journal Service...
         Starting Journal Service...
[    4.823523] systemd[1]: Created slice system-serial\x2dgetty.slice.
[[0;32m  OK  [0m] Created slice system-serial\x2dgetty.slice.
[    4.830903] systemd[1]: Mounting Debug File System...
         Mounting Debug File System...
[    4.846449] systemd[1]: Reached target Slices.
[[0;32m  OK  [0m] Reached target Slices.
[    4.850682] systemd[1]: Starting Remount Root and Kernel File Systems...
         Starting Remount Root and Kernel File Systems...
[    4.854944] systemd[1]: Mounting Huge Pages File System...
         Mounting Huge Pages File System...
[    4.861385] systemd[1]: Mounting POSIX Message Queue File System...
         [    4.864880] EXT4-fs (sda1): re-mounted. Opts: (null)
Mounting POSIX Message Queue File System...
[    4.871115] systemd[1]: Starting Nameserver information manager...
         Starting Nameserver information manager...
[    4.883395] systemd[1]: Starting Load Kernel Modules...
         Starting Load Kernel Modules...
[    4.895393] Loading iSCSI transport class v2.0-870.
[    4.897849] systemd[1]: Starting Create list of required static device nodes for the current kernel...
         Starting Create list of required st... nodes for the current kernel...
[    4.905038] systemd[1]: Started Trigger resolvconf update for networkd DNS.
[[0;32m  OK  [0m] Started Trigger resolvconf update for networkd DNS.
[    4.914128] iscsi: registered transport (tcp)
[    4.916975] systemd[1]: Mounted Huge Pages File System.
[[0;32m  OK  [0m] Mounted Huge Pages File System.
[    4.919836] systemd[1]: Mounted POSIX Message Queue File System.
[[0;32m  OK  [0m] Mounted POSIX Message Queue File System.
[    4.925809] systemd[1]: Mounted Debug File System.
[[0;32m  OK  [0m] Mounted Debug File System.
[    4.940984] systemd[1]: Started Journal Service.
[[0;32m  OK  [0m] Started Journal Service.
[    4.945862] iscsi: registered transport (iser)
[[0;32m  OK  [0m] Started Set console keymap.
[[0;32m  OK  [0m] Started Uncomplicated firewall.
[[0;32m  OK  [0m] Started Remount Root and Kernel File Systems.
[[0;32m  OK  [0m] Started Load Kernel Modules.
[[0;32m  OK  [0m] Started Create list of required sta...ce nodes for the current kernel.
[[0;32m  OK  [0m] Started Nameserver information manager.
[[0;32m  OK  [0m] Started LVM2 metadata daemon.
         Starting Create Static Device Nodes in /dev...
         Starting Apply Kernel Variables...
         Mounting FUSE Control File System...
         Starting udev Coldplug all Devices...
         Starting Load/Save Random Seed...
         Starting Flush Journal to Persistent Storage...
[[0;32m  OK  [0m] Mounted FUSE Control File System.
[[0;32m  OK  [0m] Started Create Static Device Nodes in /dev.
[[0;32m  OK  [0m] Started Apply Kernel Variables.
[[0;32m  OK  [0m] Started Load/Save Random Seed.
[[0;32m  OK  [0m] Started udev Coldplug all Devices.
[[0;32m  OK  [0m] Started Flush Journal to Persistent Storage.
         Starting udev Kernel Device Manager...
[[0;32m  OK  [0m] Started udev Kernel Device Manager.
[[0;32m  OK  [0m] Started Dispatch Password Requests to Console Directory Watch.
[[0;32m  OK  [0m] Found device /dev/ttyS0.
[[0;32m  OK  [0m] Listening on Load/Save RF Kill Switch Status /dev/rfkill Watch.
[[0;32m  OK  [0m] Started Monitoring of LVM2 mirrors,...ng dmeventd or progress polling.
[[0;32m  OK  [0m] Reached target Local File Systems (Pre).
[[0;32m  OK  [0m] Reached target Local File Systems.
         Starting Commit a transient machine-id on disk...
         Starting Initial cloud-init job (pre-networking)...
         Starting Tell Plymouth To Write Out Runtime Data...
         Starting LSB: AppArmor initialization...
         Starting Create Volatile Files and Directories...
         Starting Set console font and keymap...
[[0;32m  OK  [0m] Started Commit a transient machine-id on disk.
[[0;32m  OK  [0m] Started Tell Plymouth To Write Out Runtime Data.
[[0;32m  OK  [0m] Started Create Volatile Files and Directories.
         Starting Update UTMP about System Boot/Shutdown...
[[0;32m  OK  [0m] Started Update UTMP about System Boot/Shutdown.
[    6.835072] cloud-init[533]: Cloud-init v. 19.1-1-gbaa47854-0ubuntu1~16.04.1 running 'init-local' at Wed, 07 Aug 2019 09:14:35 +0000. Up 6.23 seconds.
[[0;32m  OK  [0m] Started Initial cloud-init job (pre-networking).
[[0;32m  OK  [0m] Reached target Network (Pre).
[[0;32m  OK  [0m] Started LSB: AppArmor initialization.
         Starting Raise network interfaces...
[[0;32m  OK  [0m] Started Set console font and keymap.
[[0;32m  OK  [0m] Created slice system-getty.slice.
[[0;32m  OK  [0m] Started Raise network interfaces.
         Starting Initial cloud-init job (metadata service crawler)...
[[0;32m  OK  [0m] Reached target Network.
[    8.282825] cloud-init[959]: Cloud-init v. 19.1-1-gbaa47854-0ubuntu1~16.04.1 running 'init' at Wed, 07 Aug 2019 09:14:36 +0000. Up 7.75 seconds.
[    8.285422] cloud-init[959]: ci-info: ++++++++++++++++++++++++++++++++++++++Net device info+++++++++++++++++++++++++++++++++++++++
[    8.288604] cloud-init[959]: ci-info: +--------+-------+----------------------------+---------------+--------+-------------------+
[    8.292572] cloud-init[959]: ci-info: | Device |   Up  |          Address           |      Mask     | Scope  |     Hw-Address    |
[    8.300765] cloud-init[959]: ci-info: +--------+-------+----------------------------+---------------+--------+-------------------+
[    8.303875] cloud-init[959]: ci-info: | enp0s3 |  True |         10.0.2.15          | 255.255.255.0 | global | 02:c3:b4:e7:31:26 |
[    8.308310] cloud-init[959]: ci-info: | enp0s3 |  True | fe80::c3:b4ff:fee7:3126/64 |       .       |  link  | 02:c3:b4:e7:31:26 |
[    8.312325] cloud-init[959]: ci-info: | enp0s8 | False |             .              |       .       |   .    | 08:00:27:3d:87:f3 |
[    8.315086] cloud-init[959]: ci-info: |   lo   |  True |         127.0.0.1          |   255.0.0.0   |  host  |         .         |
[    8.320825] cloud-init[959]: ci-info: |   lo   |  True |          ::1/128           |       .       |  host  |         .         |
[    8.324333] cloud-init[959]: ci-info: +--------+-------+----------------------------+---------------+--------+-------------------+
[    8.328480] cloud-init[959]: ci-info: +++++++++++++++++++++++++++Route IPv4 info++++++++++++++++++++++++++++
[    8.330143] cloud-init[959]: ci-info: +-------+-------------+----------+---------------+-----------+-------+
[    8.336546] cloud-init[959]: ci-info: | Route | Destination | Gateway  |    Genmask    | Interface | Flags |
[    8.340423] cloud-init[959]: ci-info: +-------+-------------+----------+---------------+-----------+-------+
[    8.344334] cloud-init[959]: ci-info: |   0   |   0.0.0.0   | 10.0.2.2 |    0.0.0.0    |   enp0s3  |   UG  |
[    8.346199] cloud-init[959]: ci-info: |   1   |   10.0.2.0  | 0.0.0.0  | 255.255.255.0 |   enp0s3  |   U   |
[    8.352405] cloud-init[959]: ci-info: +-------+-------------+----------+---------------+-----------+-------+
[    8.360356] cloud-init[959]: ci-info: +++++++++++++++++++Route IPv6 info+++++++++++++++++++
[    8.368392] cloud-init[959]: ci-info: +-------+-------------+---------+-----------+-------+
[    8.371625] cloud-init[959]: ci-info: | Route | Destination | Gateway | Interface | Flags |
[    8.378785] cloud-init[959]: ci-info: +-------+-------------+---------+-----------+-------+[[0;32m  OK  [0m] Started Initial cloud-init job (metadata service crawler).
[    8.385457] cloud-init[959]: ci-info: |   0   |  fe80::/64  |    ::   |   enp0s3  |   U   |
[[0;32m  OK  [0m] Reached target Network is Online.
         Starting iSCSI initiator daemon (iscsid)...
[[0;32m  OK  [0m] Reached target System Initialization.
[    8.396434] cloud-init[959]: ci-info: |   3   |   ff00::/8  |    ::   |   enp0s3  |   U   |
[    8.399747] 
cloud-init[959]: [[0;32m  OK  [0m] Started ACPI Events Check.ci-info: +-------+-------------+---------+-----------+-------+
[[0;32m  OK  [0m] Reached target Paths.
[[0;32m  OK  [0m] Listening on D-Bus System Message Bus Socket.
         Starting Socket activation for snappy daemon.
[    8.417200] 
[[0;32m  OK  [0m] Listening on UUID daemon activation socket.cloud-init[959]: Generating public/private rsa key pair.
         Starting LXD - unix socket.
[[0;32m  OK  [0m] Started Daily apt download activities.
[[0;32m  OK  [0m
[    8.429739] cloud-init[959]: Your identification has been saved in /etc/ssh/ssh_host_rsa_key.] Listening on ACPID Listen Socket.
[[0;32m  OK  [0m] Started Daily Cleanup of Temporary Directories.
[    8.437110] cloud-init[959]: Your public key has been saved in /etc/ssh/ssh_host_rsa_key.pub.
[[0;32m  OK  [0m] Started Daily apt upgrade and clean activities.
[[0;32m  OK  [0m] Reached target Timers.

[    8.444249] cloud-init[959]: The key fingerprint is:
[    8.445789] cloud-init[959]: SHA256:xljwlXhCqU4CWT4bstPpMBYkb7kJj5rWVWYmZN8lLOU root@ubuntu-xenial
[    8.448086] [[0;32m  OK  [0m] Reached target Cloud-config availability.
cloud-init[959]: The key's randomart image is:
[    8.453480] cloud-init[959]: +---[RSA 2048]----+
[[0;32m  OK  [0m] Listening on Socket activation for snappy daemon.
[[0;32m  OK  [0m] Listening on LXD - unix socket.
[    8.458492] [[0;32m  OK  [0m] Started iSCSI initiator daemon (iscsid).
cloud-init[959]: |. .o.o..+=.o     |
[    8.475943] cloud-init[959]: | +ooo .+*o=      |
[    8.478453] cloud-init[959]: |. *.+. B+E       |
[    8.481255] cloud-init[959]: | = B.=O+         |
[    8.484548] cloud-init[959]: |. X +=. S        |
[    8.492505] cloud-init[959]: |.o.=. ..         |
         Starting Login to default iSCSI targets...
[[0;32m  OK  [0m] Reached target Sockets.
[[0;32m  OK  [0m] Reached target Basic System.
[    8.496082] cloud-init[959]: |o. ..            |
[    8.507473] cloud-init[959]: |.                |
[[0;32m  OK  [0m] Started Deferred execution scheduler.
[    8.511619] cloud-init[959]: |                 |
[    8.513116] cloud-init[959]: +----[SHA256]-----+
         Starting System Logging Service...
[    8.517764] cloud-init[959]:          Starting LSB: MD monitoring daemon...
         Starting Pollinate to seed the pseudo random number generator...
[[0;32m  OK  [0m] Started D-Bus System Message Bus.
Generating public/private dsa key pair.
[    8.549177] cloud-init[959]: Your identification has been saved in /etc/ssh/ssh_host_dsa_key.
[    8.553557] cloud-init[959]: Your public key has been saved in /etc/ssh/ssh_host_dsa_key.pub.
[    8.561549] cloud-init[959]: The key fingerprint is:
[    8.566139] cloud-init[959]: SHA256:5CutewYwkl/opjw1J4TOzYLcYtc5OoOdO5LxnYdYLA4 root@ubuntu-xenial
[    8.570444] cloud-init[959]: The key's randomart image is:
         Starting LSB: Record successful boot for GRUB...
[[0;32m  OK  [0m] Started FUSE filesystem for LXC.
         [    8.581709] cloud-init[959]: +---[DSA 1024]----+
[    8.589123] cloud-init[959]: |                 |
Starting /etc/rc.local Compatibility...
         Starting Login Service...
         Starting Accounts Service...
         Starting Virtualbox guest utils...[    8.591732] cloud-init[959]: |                 |
[[0;32m  OK  [0m] Started ACPI event daemon.
         Starting LXD - container startup/shutdown...

[[0;32m  OK  [0m] Started Regular background program processing daemon.
         Starting Snappy daemon...
[[0;32m  OK  [0m] Started System Logging Service.
[[0;32m  OK  [0m] Started /etc/rc.local Compatibility.
[[0;32m  OK  [0m] Started LSB: Record successful boot for GRUB.
[[0;32m  OK  [0m] Started Login to default iSCSI targets.
[    8.666575] cloud-init[959]: |   o .  .        |
[[0;32m  OK  [0m] Started LSB: MD monitoring daemon.
[    8.745317] cloud-init[959]: |  + = .o         |
[    8.765175] cloud-init[959]: |.+.Bo+. S        |
[    8.768495] cloud-init[959]: |.E++X*o. .       |
[    8.776785] cloud-init[959]: |..@=B+=.o        |
[[0;32m  OK  [0m] Reached target Remote File Systems (Pre).
[[0;32m  OK  [0m] Reached target Remote File Systems.
         Starting Permit User Sessions...
[    8.803812] cloud-init[959]: | ++@ + +o        |
         Starting LSB: daemon to balance interrupts for SMP systems...
         Starting LSB: Set the CPU Frequency Scaling governor to "ondemand"...
         Starting LSB: automatic crash report generation...
[[0;32m  OK  [0m] Started Permit User Sessions.
[[0;32m  OK  [0m] Started Login Service.
[    8.809888] cloud-init[959]: |  .o= ++         |
[[0;32m  OK  [0m] Started Unattended Upgrades Shutdown.
         Starting Terminate Plymouth Boot Screen...
         Starting Hold until boot process finishes up...
[[0;32m  OK  [0m] Started Terminate Plymouth Boot Screen.
[[0;32m  OK  [0m] Started Hold until boot process finishes up.
         Starting Set console scheme...[    8.896719] cloud-init[959]: +----[SHA256]-----+

[[0;32m  OK  [0m] Started Getty on tty1.
[[0;32m  OK  [0m] Started Serial Getty on ttyS0.
[[0;32m  OK  [0m] Reached target Login Prompts.
[[0;32m  OK  [0m] Started Set console scheme.
[    8.926191] cloud-init[959]: Generating public/private ecdsa key pair.
         Starting Authenticate and Authorize Users to Run Privileged Tasks...
[[0;32m  OK  [0m] Started LSB: Set the CPU Frequency Scaling governor to "ondemand".
[    8.957940] cloud-init[959]: Your identification has been saved in /etc/ssh/ssh_host_ecdsa_key.
[    8.972172] cloud-init[959]: Your public key has been saved in /etc/ssh/ssh_host_ecdsa_key.pub.
[[0;32m  OK  [0m] Started LSB: daemon to balance interrupts for SMP systems.
[[0;32m  OK  [0m] Started Authenticate and Authorize Users to Run Privileged Tasks.
[[0;32m  OK  [0m] Started LXD - container startup/shutdown.
[[0;32m  OK  [0m] Started LSB: automatic crash report generation.
[[0;32m  OK  [0m] Started Accounts Service.
[    9.000856] cloud-init[959]: The key fingerprint is:
[    9.015929] cloud-init[959]: SHA256:AUatsiNkAxCHNJPZVrO45foh1bjQrGEUciRhtR2wTP4 root@ubuntu-xenial
[    9.027391] cloud-init[959]: The key's randomart image is:
[    9.039499] cloud-init[959]: +---[ECDSA 256]---+
[    9.053792] cloud-init[959]: |=@OBo=+.         |
[    9.064845] cloud-init[959]: |++Xo*.+..        |
[    9.067002] cloud-init[959]: | ..B + ..        |
[    9.069751] cloud-init[959]: |  = O +  .       |
[    9.074506] cloud-init[959]: | o * E .S        |
[    9.077893] cloud-init[959]: |  o O .          |
[    9.084582] cloud-init[959]: |   = +           |
[    9.086370] cloud-init[959]: |    o .          |
[    9.096048] cloud-init[959]: |     .           |
[    9.099712] cloud-init[959]: +----[SHA256]-----+
[    9.105505] cloud-init[959]: Generating public/private ed25519 key pair.
[[0;32m  OK  [0m] Started Virtualbox guest utils.
[    9.111039] cloud-init[959]: Your identification has been saved in /etc/ssh/ssh_host_ed25519_key.
[    9.132400] cloud-init[959]: Your public key has been saved in /etc/ssh/ssh_host_ed25519_key.pub.
[    9.140183] cloud-init[959]: The key fingerprint is:
[    9.142769] cloud-init[959]: SHA256:+SU9LB+idGFT7jMsF04Mx8LNy9Mv9OW6+S+2QtA5bmU root@ubuntu-xenial
[    9.154605] cloud-init[959]: The key's randomart image is:
[    9.157978] cloud-init[959]: +--[ED25519 256]--+
[    9.159990] cloud-init[959]: |         ..+o    |
[    9.163889] cloud-init[959]: |          o*+    |
[    9.167850] cloud-init[959]: |          ++=+   |
[    9.171433] cloud-init[959]: |         o.XB.E .|
[    9.176495] cloud-init[959]: |        S *o&* +.|
[    9.185633] cloud-init[959]: |       . + O+=. +|
[    9.187252] cloud-init[959]: |        . .o.  o |[[0;32m  OK  [0m] Started Snappy daemon.
         Starting Wait until snapd is fully seeded...

[    9.214864] cloud-init[959]: |            . +. |
[    9.230013] cloud-init[959]: |             o+=+|
[    9.231126] cloud-init[959]: +----[SHA256]-----+
[[0;32m  OK  [0m] Started Pollinate to seed the pseudo random number generator.
         Starting OpenBSD Secure Shell server...
[[0;32m  OK  [0m] Started OpenBSD Secure Shell server.
[[0;32m  OK  [0m] Started Wait until snapd is fully seeded.
         Starting Apply the settings specified in cloud-config...
[[0;32m  OK  [0m] Reached target Multi-User System.
[[0;32m  OK  [0m] Reached target Graphical Interface.
         Starting Update UTMP about System Runlevel Changes...
[[0;32m  OK  [0m] Started Update UTMP about System Runlevel Changes.
[   11.143674] cloud-init[1323]: Generating locales (this might take a while)...
[   11.955322] cloud-init[1323]:   en_US.UTF-8... done
[   11.957991] cloud-init[1323]: Generation complete.
[[0;32m  OK  [0m] Created slice User Slice of vagrant.
         Starting User Manager for UID 1000...
[[0;32m  OK  [0m] Started Session 1 of user vagrant.
[[0;32m  OK  [0m] Started User Manager for UID 1000.
[   12.453043] cloud-init[1323]: Cloud-init v. 19.1-1-gbaa47854-0ubuntu1~16.04.1 running 'modules:config' at Wed, 07 Aug 2019 09:14:39 +0000. Up 11.04 seconds.
[[0;32m  OK  [0m] Started Apply the settings specified in cloud-config.
         Starting Execute cloud user/final scripts...
ci-info: no authorized ssh keys fingerprints found for user ubuntu.
<14>Aug  7 09:14:42 ec2: 
<14>Aug  7 09:14:42 ec2: #############################################################
<14>Aug  7 09:14:42 ec2: -----BEGIN SSH HOST KEY FINGERPRINTS-----
<14>Aug  7 09:14:42 ec2: 1024 SHA256:5CutewYwkl/opjw1J4TOzYLcYtc5OoOdO5LxnYdYLA4 root@ubuntu-xenial (DSA)
<14>Aug  7 09:14:42 ec2: 256 SHA256:AUatsiNkAxCHNJPZVrO45foh1bjQrGEUciRhtR2wTP4 root@ubuntu-xenial (ECDSA)
<14>Aug  7 09:14:42 ec2: 256 SHA256:+SU9LB+idGFT7jMsF04Mx8LNy9Mv9OW6+S+2QtA5bmU root@ubuntu-xenial (ED25519)
<14>Aug  7 09:14:42 ec2: 2048 SHA256:xljwlXhCqU4CWT4bstPpMBYkb7kJj5rWVWYmZN8lLOU root@ubuntu-xenial (RSA)
<14>Aug  7 09:14:42 ec2: -----END SSH HOST KEY FINGERPRINTS-----
<14>Aug  7 09:14:42 ec2: #############################################################
-----BEGIN SSH HOST KEY KEYS-----
ecdsa-sha2-nistp256 AAAAE2VjZHNhLXNoYTItbmlzdHAyNTYAAAAIbmlzdHAyNTYAAABBBIu5HWtHbjFicUJKCTEcjxZAj28aNOV+IEucaCOYy2MKvEYnwKsj0VtaTwglX5cz7PFP4ChoYYy4cvIyn7Kp5OA= root@ubuntu-xenial
ssh-ed25519 AAAAC3NzaC1lZDI1NTE5AAAAIPePPOt9WROGGbj11QlseczCqzOmSNneepTElvAbx3Wn root@ubuntu-xenial
ssh-rsa AAAAB3NzaC1yc2EAAAADAQABAAABAQCrvVWhdN9Vw58jyzmOneQRAtvzeCMD9AYz62giAa4XIOdv4nQKjROUm8xps6slNQf/clCqh4z/C4wWJjXEBQQDrRCk0GZrOgWGJI+m+ZWccd+TRqNy9f93SHML3OviM/M/6++Zxiuv4Qctq81fvQHZ1Z0uHR9/rGq706Ezg4wTaHf/ef1Rj8U+IgU/zeeVDmh/He1BsIEZkNFtfT3kqspLEnChyURWP+akFj8lc9MuEhUoh1MChIDI9QTkV9sG4iI/wmc2CyAVLj+J9tmtok8sINNvlmbRUQoEzBYluS9BXv4pIDcPkLzlCUWmX3ANbvCpr/leOxUSMbylRQnAweWb root@ubuntu-xenial
-----END SSH HOST KEY KEYS-----
[   13.424166] cloud-init[1428]: Cloud-init v. 19.1-1-gbaa47854-0ubuntu1~16.04.1 running 'modules:final' at Wed, 07 Aug 2019 09:14:42 +0000. Up 13.18 seconds.
[   13.432533] cloud-init[1428]: ci-info: no authorized ssh keys fingerprints found for user ubuntu.
[   13.440912] cloud-init[1428]: Cloud-init v. 19.1-1-gbaa47854-0ubuntu1~16.04.1 finished at Wed, 07 Aug 2019 09:14:42 +0000. Datasource DataSourceNoCloud [seed=/dev/sdb][dsmode=net].  Up 13.41 seconds
[[0;32m  OK  [0m] Started Execute cloud user/final scripts.
[[0;32m  OK  [0m] Reached target Cloud-init target.

Ubuntu 16.04.6 LTS ubuntu-xenial ttyS0

ubuntu-xenial login:          Stopping Session 5 of user vagrant.
[[0;32m  OK  [0m] Stopped target Cloud-init target.
[[0;32m  OK  [0m] Stopped target Graphical Interface.
         Stopping Accounts Service...
[[0;32m  OK  [0m] Stopped target RPC Port Mapper.
         Stopping User Manager for UID 1000...
         Stopping Authenticate and Authorize Users to Run Privileged Tasks...
         Stopping ACPI event daemon...
[[0;32m  OK  [0m] Closed Load/Save RF Kill Switch Status /dev/rfkill Watch.
[[0;32m  OK  [0m] Stopped Execute cloud user/final scripts.
[[0;32m  OK  [0m] Stopped Apply the settings specified in cloud-config.
[[0;32m  OK  [0m] Stopped target Cloud-config availability.
[[0;32m  OK  [0m] Stopped target Multi-User System.
         Stopping LSB: daemon to balance interrupts for SMP systems...
         Stopping FUSE filesystem for LXC...
         Stopping LSB: Set the CPU Frequency Scaling governor to "ondemand"...
         Stopping LSB: MD monitoring daemon...
         Stopping LSB: Record successful boot for GRUB...
         Stopping OpenBSD Secure Shell server...
         Stopping Deferred execution scheduler...
         Stopping LSB: automatic crash report generation...
         Stopping LXD - container startup/shutdown...
[[0;32m  OK  [0m] Stopped target Login Prompts.
         Stopping Serial Getty on ttyS0...
         Stopping Unattended Upgrades Shutdown...
         Stopping The PHP 7.1 FastCGI Process Manager...
         Stopping Virtualbox guest utils...
         Stopping System Logging Service...
[[0;32m  OK  [0m] Stopped Wait until snapd is fully seeded.
         Stopping D-Bus System Message Bus...
         Stopping Regular background program processing daemon...
         Stopping Getty on tty1...
[[0;32m  OK  [0m] Stopped target Timers.
[[0;32m  OK  [0m] Stopped Daily Cleanup of Temporary Directories.
[[0;32m  OK  [0m] Stopped Daily apt upgrade and clean activities.
[[0;32m  OK  [0m] Stopped Clean PHP session files every 30 mins.
[[0;32m  OK  [0m] Stopped Daily apt download activities.
[[0;32m  OK  [0m] Stopped target System Time Synchronized.
[[0;32m  OK  [0m] Unmounted /var/lib/lxcfs.
[[0;32m  OK  [0m] Stopped Deferred execution scheduler.
[[0;32m  OK  [0m] Stopped System Logging Service.
[[0;32m  OK  [0m] Stopped Accounts Service.
[[0;32m  OK  [0m] Stopped ACPI event daemon.
[[0;32m  OK  [0m] Stopped Regular background program processing daemon.
[[0;32m  OK  [0m] Stopped Getty on tty1.
[[0;32m  OK  [0m] Stopped Unattended Upgrades Shutdown.
[[0;32m  OK  [0m] Stopped Serial Getty on ttyS0.
[[0;32m  OK  [0m] Stopped Authenticate and Authorize Users to Run Privileged Tasks.
[[0;32m  OK  [0m] Stopped OpenBSD Secure Shell server.
[[0;32m  OK  [0m] Stopped The PHP 7.1 FastCGI Process Manager.
[[0;32m  OK  [0m] Stopped User Manager for UID 1000.
[[0;32m  OK  [0m] Stopped Session 5 of user vagrant.
[[0;32m  OK  [0m] Stopped D-Bus System Message Bus.
[[0;32m  OK  [0m] Stopped FUSE filesystem for LXC.
[[0;32m  OK  [0m] Stopped LSB: daemon to balance interrupts for SMP systems.
[[0;32m  OK  [0m] Stopped LSB: MD monitoring daemon.
[[0;32m  OK  [0m] Stopped LSB: automatic crash report generation.
[[0;32m  OK  [0m] Stopped LXD - container startup/shutdown.
[[0;32m  OK  [0m] Stopped Virtualbox guest utils.
[[0;32m  OK  [0m] Stopped LSB: Record successful boot for GRUB.
[[0;32m  OK  [0m] Stopped LSB: Set the CPU Frequency Scaling governor to "ondemand".
[[0;32m  OK  [0m] Stopped User Manager for UID 1000.
[[0;32m  OK  [0m] Removed slice User Slice of vagrant.
[[0;32m  OK  [0m] Removed slice system-serial\x2dgetty.slice.
         Stopping Login Service...
[[0;32m  OK  [0m] Stopped /etc/rc.local Compatibility.
[[0;32m  OK  [0m] Removed slice system-getty.slice.
         Stopping Permit User Sessions...
[[0;32m  OK  [0m] Stopped Login Service.
[[0;32m  OK  [0m] Stopped Permit User Sessions.
[[0;32m  OK  [0m] Stopped target Remote File Systems.
         Unmounting /var/www...
[[0;32m  OK  [0m] Stopped target User and Group Name Lookups.
[[0;32m  OK  [0m] Stopped target Basic System.
[[0;32m  OK  [0m] Stopped target Paths.
[[0;32m  OK  [0m] Stopped ACPI Events Check.
[[0;32m  OK  [0m] Stopped Dispatch Password Requests to Console Directory Watch.
[[0;32m  OK  [0m] Stopped Forward Password Requests to Wall Directory Watch.
[[0;32m  OK  [0m] Stopped target Slices.
[[0;32m  OK  [0m] Stopped target Sockets.
[[0;32m  OK  [0m] Closed LXD - unix socket.
[[0;32m  OK  [0m] Closed Syslog Socket.
[[0;32m  OK  [0m] Closed ACPID Listen Socket.
[[0;32m  OK  [0m] Closed UUID daemon activation socket.
[[0;32m  OK  [0m] Closed Socket activation for snappy daemon.
[[0;32m  OK  [0m] Removed slice User and Session Slice.
[[0;32m  OK  [0m] Closed D-Bus System Message Bus Socket.
[[0;32m  OK  [0m] Unmounted /var/www.
[[0;32m  OK  [0m] Stopped target Remote File Systems (Pre).
         Stopping RPC bind portmap service...
         Stopping Login to default iSCSI targets...
[[0;32m  OK  [0m] Stopped RPC bind portmap service.
[[0;32m  OK  [0m] Closed RPCbind Server Activation Socket.
[[0;32m  OK  [0m] Stopped target System Initialization.
         Stopping Load/Save Random Seed...
[[0;32m  OK  [0m] Stopped target Swap.
         Stopping Update UTMP about System Boot/Shutdown...
[[0;32m  OK  [0m] Stopped Commit a transient machine-id on disk.
[[0;32m  OK  [0m] Stopped target Encrypted Volumes.
[[0;32m  OK  [0m] Stopped Load/Save Random Seed.
[[0;32m  OK  [0m] Stopped Login to default iSCSI targets.
[[0;32m  OK  [0m] Stopped Update UTMP about System Boot/Shutdown.
[[0;32m  OK  [0m] Stopped Create Volatile Files and Directories.
         Stopping iSCSI initiator daemon (iscsid)...
[[0;32m  OK  [0m] Stopped iSCSI initiator daemon (iscsid).
[[0;32m  OK  [0m] Stopped target Network is Online.
[[0;32m  OK  [0m] Stopped Initial cloud-init job (metadata service crawler).
[[0;32m  OK  [0m] Stopped target Network.
         Stopping Raise network interfaces...
[[0;32m  OK  [0m] Stopped Raise network interfaces.
[[0;32m  OK  [0m] Stopped target Local File Systems.
         Unmounting /run/user/1000...
         Unmounting /vagrant...
[[0;32m  OK  [0m] Stopped Apply Kernel Variables.
[[0;32m  OK  [0m] Stopped Load Kernel Modules.
[[0;32m  OK  [0m] Stopped target Network (Pre).
[[0;32m  OK  [0m] Stopped Initial cloud-init job (pre-networking).
[[0;32m  OK  [0m] Unmounted /run/user/1000.
[[0;1;31mFAILED[0m] Failed unmounting /vagrant.
[[0;32m  OK  [0m] Reached target Unmount All Filesystems.
[[0;32m  OK  [0m] Stopped target Local File Systems (Pre).
[[0;32m  OK  [0m] Stopped Remount Root and Kernel File Systems.
         Stopping Monitoring of LVM2 mirrors... dmeventd or progress polling...
[[0;32m  OK  [0m] Stopped Create Static Device Nodes in /dev.
[[0;32m  OK  [0m] Reached target Shutdown.
[  999.949419] reboot: Power down
